<?xml version="1.0" encoding="UTF-8"?>
<testng-results skipped="0" failed="1" ignored="0" total="1" passed="0">
  <reporter-output>
  </reporter-output>
  <suite name="TestNG Session Test Automation Suite" duration-ms="27125" started-at="2018-07-25T03:39:28Z" finished-at="2018-07-25T03:39:55Z">
    <groups>
      <group name="Homepage">
        <method signature="HomePageTest.pageTitleTest()[pri:1, instance:com.qa.testcases.HomePageTest@2d928643]" name="pageTitleTest" class="com.qa.testcases.HomePageTest"/>
      </group> <!-- Homepage -->
    </groups>
    <test name="Testng Feature Test" duration-ms="27125" started-at="2018-07-25T03:39:28Z" finished-at="2018-07-25T03:39:55Z">
      <class name="com.qa.testcases.HomePageTest">
        <test-method status="PASS" signature="beforeTest()[pri:0, instance:com.qa.testcases.HomePageTest@2d928643]" name="beforeTest" is-config="true" duration-ms="733" started-at="2018-07-25T03:39:28Z" finished-at="2018-07-25T03:39:29Z">
          <reporter-output>
          </reporter-output>
        </test-method> <!-- beforeTest -->
        <test-method status="PASS" signature="setUp()[pri:0, instance:com.qa.testcases.HomePageTest@2d928643]" name="setUp" is-config="true" duration-ms="20407" started-at="2018-07-25T03:39:29Z" finished-at="2018-07-25T03:39:49Z">
          <reporter-output>
          </reporter-output>
        </test-method> <!-- setUp -->
        <test-method status="FAIL" signature="pageTitleTest()[pri:1, instance:com.qa.testcases.HomePageTest@2d928643]" name="pageTitleTest" duration-ms="123" started-at="2018-07-25T03:39:49Z" finished-at="2018-07-25T03:39:49Z">
          <exception class="java.lang.AssertionError">
            <message>
              <![CDATA[expected [Googlea] but found [Google]]]>
            </message>
            <full-stacktrace>
              <![CDATA[java.lang.AssertionError: expected [Googlea] but found [Google]
at org.testng.Assert.fail(Assert.java:96)
at org.testng.Assert.failNotEquals(Assert.java:776)
at org.testng.Assert.assertEqualsImpl(Assert.java:137)
at org.testng.Assert.assertEquals(Assert.java:118)
at org.testng.Assert.assertEquals(Assert.java:453)
at org.testng.Assert.assertEquals(Assert.java:463)
at com.qa.testcases.HomePageTest.pageTitleTest(HomePageTest.java:59)
at sun.reflect.NativeMethodAccessorImpl.invoke0(Native Method)
at sun.reflect.NativeMethodAccessorImpl.invoke(NativeMethodAccessorImpl.java:62)
at sun.reflect.DelegatingMethodAccessorImpl.invoke(DelegatingMethodAccessorImpl.java:43)
at java.lang.reflect.Method.invoke(Method.java:498)
at org.testng.internal.MethodInvocationHelper.invokeMethod(MethodInvocationHelper.java:124)
at org.testng.internal.Invoker.invokeMethod(Invoker.java:583)
at org.testng.internal.Invoker.invokeTestMethod(Invoker.java:719)
at org.testng.internal.Invoker.invokeTestMethods(Invoker.java:989)
at org.testng.internal.TestMethodWorker.invokeTestMethods(TestMethodWorker.java:125)
at org.testng.internal.TestMethodWorker.run(TestMethodWorker.java:109)
at org.testng.TestRunner.privateRun(TestRunner.java:648)
at org.testng.TestRunner.run(TestRunner.java:505)
at org.testng.SuiteRunner.runTest(SuiteRunner.java:455)
at org.testng.SuiteRunner.runSequentially(SuiteRunner.java:450)
at org.testng.SuiteRunner.privateRun(SuiteRunner.java:415)
at org.testng.SuiteRunner.run(SuiteRunner.java:364)
at org.testng.SuiteRunnerWorker.runSuite(SuiteRunnerWorker.java:52)
at org.testng.SuiteRunnerWorker.run(SuiteRunnerWorker.java:84)
at org.testng.TestNG.runSuitesSequentially(TestNG.java:1208)
at org.testng.TestNG.runSuitesLocally(TestNG.java:1137)
at org.testng.TestNG.runSuites(TestNG.java:1049)
at org.testng.TestNG.run(TestNG.java:1017)
at org.testng.remote.AbstractRemoteTestNG.run(AbstractRemoteTestNG.java:114)
at org.testng.remote.RemoteTestNG.initAndRun(RemoteTestNG.java:251)
at org.testng.remote.RemoteTestNG.main(RemoteTestNG.java:77)
]]>
            </full-stacktrace>
          </exception> <!-- java.lang.AssertionError -->
          <reporter-output>
          </reporter-output>
        </test-method> <!-- pageTitleTest -->
        <test-method status="PASS" signature="AfterMethod(org.testng.ITestResult)[pri:0, instance:com.qa.testcases.HomePageTest@2d928643]" name="AfterMethod" is-config="true" duration-ms="3977" started-at="2018-07-25T03:39:49Z" finished-at="2018-07-25T03:39:53Z">
          <params>
            <param index="0">
              <value>
                <![CDATA[[TestResult name=pageTitleTest status=FAILURE method=HomePageTest.pageTitleTest()[pri:1, instance:com.qa.testcases.HomePageTest@2d928643] output={null}]]]>
              </value>
            </param>
          </params>
          <reporter-output>
          </reporter-output>
        </test-method> <!-- AfterMethod -->
        <test-method status="PASS" signature="AfterTest()[pri:0, instance:com.qa.testcases.HomePageTest@2d928643]" name="AfterTest" is-config="true" duration-ms="1802" started-at="2018-07-25T03:39:53Z" finished-at="2018-07-25T03:39:55Z">
          <reporter-output>
          </reporter-output>
        </test-method> <!-- AfterTest -->
      </class> <!-- com.qa.testcases.HomePageTest -->
    </test> <!-- Testng Feature Test -->
  </suite> <!-- TestNG Session Test Automation Suite -->
</testng-results>
